ERROR - 2026-05-07 05:08:28 --> Error connecting to the database: mysqli_sql_exception: Access denied for user 'root'@'localhost' in /home/andry/Documents/RegimeAlimentaire/system/Database/MySQLi/Connection.php:201
Stack trace:
#0 /home/andry/Documents/RegimeAlimentaire/system/Database/MySQLi/Connection.php(201): mysqli->real_connect()
#1 /home/andry/Documents/RegimeAlimentaire/system/Database/BaseConnection.php(555): CodeIgniter\Database\MySQLi\Connection->connect()
#2 /home/andry/Documents/RegimeAlimentaire/system/Database/BaseConnection.php(795): CodeIgniter\Database\BaseConnection->initialize()
#3 /home/andry/Documents/RegimeAlimentaire/system/Database/BaseBuilder.php(1649): CodeIgniter\Database\BaseConnection->query()
#4 /home/andry/Documents/RegimeAlimentaire/system/Model.php(295): CodeIgniter\Database\BaseBuilder->get()
#5 /home/andry/Documents/RegimeAlimentaire/system/BaseModel.php(714): CodeIgniter\Model->doFirst()
#6 /home/andry/Documents/RegimeAlimentaire/app/Controllers/Auth.php(28): CodeIgniter\BaseModel->first()
#7 /home/andry/Documents/RegimeAlimentaire/system/CodeIgniter.php(951): App\Controllers\Auth->doLogin()
#8 /home/andry/Documents/RegimeAlimentaire/system/CodeIgniter.php(497): CodeIgniter\CodeIgniter->runController()
#9 /home/andry/Documents/RegimeAlimentaire/system/CodeIgniter.php(340): CodeIgniter\CodeIgniter->handleRequest()
#10 /home/andry/Documents/RegimeAlimentaire/system/Boot.php(417): CodeIgniter\CodeIgniter->run()
#11 /home/andry/Documents/RegimeAlimentaire/system/Boot.php(68): CodeIgniter\Boot::runCodeIgniter()
#12 /home/andry/Documents/RegimeAlimentaire/public/index.php(59): CodeIgniter\Boot::bootWeb()
#13 {main}

Next CodeIgniter\Database\Exceptions\DatabaseException: Access denied for user '****'@'localhost' in /home/andry/Documents/RegimeAlimentaire/system/Database/MySQLi/Connection.php:231
Stack trace:
#0 /home/andry/Documents/RegimeAlimentaire/system/Database/BaseConnection.php(555): CodeIgniter\Database\MySQLi\Connection->connect()
#1 /home/andry/Documents/RegimeAlimentaire/system/Database/BaseConnection.php(795): CodeIgniter\Database\BaseConnection->initialize()
#2 /home/andry/Documents/RegimeAlimentaire/system/Database/BaseBuilder.php(1649): CodeIgniter\Database\BaseConnection->query()
#3 /home/andry/Documents/RegimeAlimentaire/system/Model.php(295): CodeIgniter\Database\BaseBuilder->get()
#4 /home/andry/Documents/RegimeAlimentaire/system/BaseModel.php(714): CodeIgniter\Model->doFirst()
#5 /home/andry/Documents/RegimeAlimentaire/app/Controllers/Auth.php(28): CodeIgniter\BaseModel->first()
#6 /home/andry/Documents/RegimeAlimentaire/system/CodeIgniter.php(951): App\Controllers\Auth->doLogin()
#7 /home/andry/Documents/RegimeAlimentaire/system/CodeIgniter.php(497): CodeIgniter\CodeIgniter->runController()
#8 /home/andry/Documents/RegimeAlimentaire/system/CodeIgniter.php(340): CodeIgniter\CodeIgniter->handleRequest()
#9 /home/andry/Documents/RegimeAlimentaire/system/Boot.php(417): CodeIgniter\CodeIgniter->run()
#10 /home/andry/Documents/RegimeAlimentaire/system/Boot.php(68): CodeIgniter\Boot::runCodeIgniter()
#11 /home/andry/Documents/RegimeAlimentaire/public/index.php(59): CodeIgniter\Boot::bootWeb()
#12 {main}
CRITICAL - 2026-05-07 05:08:28 --> CodeIgniter\Database\Exceptions\DatabaseException: Unable to connect to the database.
Main connection [MySQLi]: Access denied for user '****'@'localhost'
[Method: POST, Route: login]
in SYSTEMPATH/Database/BaseConnection.php on line 606.
 1 SYSTEMPATH/Database/BaseConnection.php(795): CodeIgniter\Database\BaseConnection->initialize()
 2 SYSTEMPATH/Database/BaseBuilder.php(1649): CodeIgniter\Database\BaseConnection->query()
 3 SYSTEMPATH/Model.php(295): CodeIgniter\Database\BaseBuilder->get()
 4 SYSTEMPATH/BaseModel.php(714): CodeIgniter\Model->doFirst()
 5 APPPATH/Controllers/Auth.php(28): CodeIgniter\BaseModel->first()
 6 SYSTEMPATH/CodeIgniter.php(951): App\Controllers\Auth->doLogin()
 7 SYSTEMPATH/CodeIgniter.php(497): CodeIgniter\CodeIgniter->runController()
 8 SYSTEMPATH/CodeIgniter.php(340): CodeIgniter\CodeIgniter->handleRequest()
 9 SYSTEMPATH/Boot.php(417): CodeIgniter\CodeIgniter->run()
10 SYSTEMPATH/Boot.php(68): CodeIgniter\Boot::runCodeIgniter()
11 FCPATH/index.php(59): CodeIgniter\Boot::bootWeb()
